<?xml version="1.0" encoding="UTF-8"?>
<!-- Generated by org.testng.reporters.JUnitReportReporter -->
<testsuite skipped="0" hostname="Sris-MacBook-Pro.local" name="addition.AddSum1" tests="1" failures="0" timestamp="05 Jan 2019 20:48:36 GMT" time="0.011" errors="0">
  <testcase name="sumWithForLoop" time="0.011" classname="addition.AddSum1"/>
</testsuite> <!-- addition.AddSum1 -->
