<?xml version="1.0" encoding="UTF-8"?>
<!-- Generated by org.testng.reporters.JUnitReportReporter -->
<testsuite skipped="0" hostname="Sris-MacBook-Pro.local" name="addition.AddSum" tests="2" failures="0" timestamp="05 Jan 2019 21:20:35 GMT" time="0.012" errors="0">
  <testcase name="basicAddition" time="0.010" classname="addition.AddSum"/>
  <testcase name="sumWithForLoop" time="0.002" classname="addition.AddSum"/>
</testsuite> <!-- addition.AddSum -->
